<?xml version="1.0" encoding="UTF-8"?>
<!-- Generated by org.testng.reporters.JUnitReportReporter -->
<testsuite skipped="0" hostname="DESKTOP-82S5MLK" name="reports.ReportUtils" tests="1" failures="0" timestamp="2020-12-03T08:57:18 IST" time="108.730" errors="0">
  <testcase name="executeTests" time="108.730" classname="reports.ReportUtils"/>
  <system-out/>
</testsuite> <!-- reports.ReportUtils -->
