<?xml version="1.0" encoding="UTF-8"?>
<!-- Generated by org.testng.reporters.JUnitReportReporter -->
<testsuite skipped="0" hostname="DESKTOP-82S5MLK" name="testScripts.UserModuleScripts" tests="1" failures="0" timestamp="2020-12-02T22:46:50 IST" time="21.930" errors="0">
  <testcase name="executeTests" time="21.930" classname="testScripts.UserModuleScripts"/>
  <system-out/>
</testsuite> <!-- testScripts.UserModuleScripts -->
