<?xml version="1.0" encoding="UTF-8"?>
<!-- Generated by org.testng.reporters.JUnitReportReporter -->
<testsuite skipped="0" hostname="DESKTOP-82S5MLK" name="driver.DriverScript" tests="1" failures="0" timestamp="2020-12-03T06:55:38 IST" time="110.158" errors="0">
  <testcase name="executeTests" time="110.158" classname="driver.DriverScript"/>
  <system-out/>
</testsuite> <!-- driver.DriverScript -->
